[ 2016-09-09T09:55:25+08:00 ] 127.0.0.1 /
INFO: [ app_init ] --START--
INFO: Run Behavior\BuildLiteBehavior [ RunTime:0.000017s ]
INFO: [ app_init ] --END-- [ RunTime:0.001060s ]
INFO: [ app_begin ] --START--
INFO: Run Behavior\ReadHtmlCacheBehavior [ RunTime:0.001039s ]
INFO: [ app_begin ] --END-- [ RunTime:0.001105s ]

[ 2016-09-09T09:55:25+08:00 ] 127.0.0.1 /Manage/Login/index.html
INFO: [ app_init ] --START--
INFO: Run Behavior\BuildLiteBehavior [ RunTime:0.000015s ]
INFO: [ app_init ] --END-- [ RunTime:0.000097s ]
INFO: [ app_begin ] --START--
INFO: Run Behavior\ReadHtmlCacheBehavior [ RunTime:0.000042s ]
INFO: [ app_begin ] --END-- [ RunTime:0.000081s ]
INFO: [ view_parse ] --START--
INFO: [ template_filter ] --START--
INFO: Run Behavior\ContentReplaceBehavior [ RunTime:0.000046s ]
INFO: [ template_filter ] --END-- [ RunTime:0.000099s ]
INFO: Run Behavior\ParseTemplateBehavior [ RunTime:0.026202s ]
INFO: [ view_parse ] --END-- [ RunTime:0.026261s ]
INFO: [ view_filter ] --START--
INFO: Run Behavior\WriteHtmlCacheBehavior [ RunTime:0.000456s ]
INFO: [ view_filter ] --END-- [ RunTime:0.000490s ]
INFO: [ app_end ] --START--
INFO: Run Behavior\ShowPageTraceBehavior [ RunTime:0.000986s ]
INFO: [ app_end ] --END-- [ RunTime:0.001048s ]

[ 2016-09-09T09:55:26+08:00 ] 127.0.0.1 /Manage/Login/verify.html
DEBUG: /home/chengyayu/www/workflow/ThinkPHP/Library/Think/Verify/ttfs/4.ttf
[ 2016-09-09T09:55:26+08:00 ] 127.0.0.1 /Manage/Login/verify.html
INFO: [ app_init ] --START--
INFO: Run Behavior\BuildLiteBehavior [ RunTime:0.000011s ]
INFO: [ app_init ] --END-- [ RunTime:0.000071s ]
INFO: [ app_begin ] --START--
INFO: Run Behavior\ReadHtmlCacheBehavior [ RunTime:0.000031s ]
INFO: [ app_begin ] --END-- [ RunTime:0.000066s ]
INFO: [ app_end ] --START--
INFO: Run Behavior\ShowPageTraceBehavior [ RunTime:0.000075s ]
INFO: [ app_end ] --END-- [ RunTime:0.000131s ]

[ 2016-09-09T09:55:39+08:00 ] 127.0.0.1 /Manage/Login/index
INFO: [ app_init ] --START--
INFO: Run Behavior\BuildLiteBehavior [ RunTime:0.000012s ]
INFO: [ app_init ] --END-- [ RunTime:0.000080s ]
INFO: [ app_begin ] --START--
INFO: Run Behavior\ReadHtmlCacheBehavior [ RunTime:0.000033s ]
INFO: [ app_begin ] --END-- [ RunTime:0.000066s ]
SQL: SHOW COLUMNS FROM `wf_member` [ RunTime:0.0549s ]
SQL: SELECT * FROM `wf_member` WHERE `nickname` = 'admin' LIMIT 1   [ RunTime:0.0233s ]
SQL: SHOW COLUMNS FROM `wf_auth_rule` [ RunTime:0.0020s ]
SQL: SELECT * FROM `wf_auth_rule` WHERE ( name = 'Manage/Login/index' ) LIMIT 1   [ RunTime:0.0003s ]
SQL: SELECT * FROM `wf_auth_rule` WHERE ( id = '50' ) LIMIT 1   [ RunTime:0.0002s ]
SQL: SHOW COLUMNS FROM `wf_operation_log` [ RunTime:0.0059s ]
SQL: INSERT INTO `wf_operation_log` (`moudle_name`,`operation_user_id`,`ip_address`,`time`,`log_content`,`result`,`status`) VALUES ('登录/退出','1','127.0.0.1','2016-09-09 09:55:39','【用户登录】“admin”登录成功','1','1') [ RunTime:0.0725s ]
INFO: [ app_end ] --START--
INFO: Run Behavior\ShowPageTraceBehavior [ RunTime:0.000065s ]
INFO: [ app_end ] --END-- [ RunTime:0.000100s ]

[ 2016-09-09T09:55:39+08:00 ] 127.0.0.1 /Manage/Index/index.html
INFO: [ app_init ] --START--
INFO: Run Behavior\BuildLiteBehavior [ RunTime:0.000016s ]
INFO: [ app_init ] --END-- [ RunTime:0.000105s ]
INFO: [ app_begin ] --START--
INFO: Run Behavior\ReadHtmlCacheBehavior [ RunTime:0.000048s ]
INFO: [ app_begin ] --END-- [ RunTime:0.000106s ]
SQL: SHOW COLUMNS FROM `wf_auth_rule` [ RunTime:0.0008s ]
SQL: SELECT COUNT(*) AS tp_count FROM `wf_auth_rule` WHERE `name` = 'Manage/Index/index' LIMIT 1   [ RunTime:0.0005s ]
NOTIC: [8] Use of undefined constant return true - assumed 'return true' /home/chengyayu/www/workflow/Application/Manage/Controller/AdminController.class.php 第 21 行.
SQL: SHOW COLUMNS FROM `wf_auth_rule` [ RunTime:0.0007s ]
SQL: SELECT * FROM `wf_auth_rule` WHERE ( name = 'Manage/Index/index' ) LIMIT 1   [ RunTime:0.0003s ]
SQL: SELECT * FROM `wf_auth_rule` WHERE ( id = 1 ) LIMIT 1   [ RunTime:0.0003s ]
NOTIC: [8] Undefined variable: crumbs_str /home/chengyayu/www/workflow/Application/Manage/Controller/AdminController.class.php 第 95 行.
SQL: SHOW COLUMNS FROM `wf_auth_rule` [ RunTime:0.0007s ]
SQL: SHOW COLUMNS FROM `wf_auth_rule` [ RunTime:0.0007s ]
SQL: SELECT `id` FROM `wf_auth_rule` WHERE `status` = 1  [ RunTime:0.0002s ]
NOTIC: [2] Illegal string offset 'rules' /home/chengyayu/www/workflow/Application/Manage/Model/AdminModel.class.php 第 42 行.
SQL: SELECT * FROM `wf_auth_rule` WHERE `status` = 1 AND `hide` = 0  [ RunTime:0.0004s ]
SQL: SELECT * FROM `wf_auth_rule` WHERE ( name = 'Manage/Index/index' ) LIMIT 1   [ RunTime:0.0003s ]
SQL: SELECT * FROM `wf_auth_rule` WHERE ( id = 1 ) LIMIT 1   [ RunTime:0.0004s ]
INFO: [ view_parse ] --START--
INFO: [ template_filter ] --START--
INFO: Run Behavior\ContentReplaceBehavior [ RunTime:0.000058s ]
INFO: [ template_filter ] --END-- [ RunTime:0.000115s ]
INFO: Run Behavior\ParseTemplateBehavior [ RunTime:0.018866s ]
INFO: [ view_parse ] --END-- [ RunTime:0.018934s ]
INFO: [ view_filter ] --START--
INFO: Run Behavior\WriteHtmlCacheBehavior [ RunTime:0.000067s ]
INFO: [ view_filter ] --END-- [ RunTime:0.000100s ]
INFO: [ app_end ] --START--
INFO: Run Behavior\ShowPageTraceBehavior [ RunTime:0.000030s ]
INFO: [ app_end ] --END-- [ RunTime:0.000056s ]

[ 2016-09-09T09:55:40+08:00 ] 127.0.0.1 /Manage/Index/getMenuData
INFO: [ app_init ] --START--
INFO: Run Behavior\BuildLiteBehavior [ RunTime:0.000011s ]
INFO: [ app_init ] --END-- [ RunTime:0.000075s ]
INFO: [ app_begin ] --START--
INFO: Run Behavior\ReadHtmlCacheBehavior [ RunTime:0.000029s ]
INFO: [ app_begin ] --END-- [ RunTime:0.000063s ]
SQL: SHOW COLUMNS FROM `wf_auth_rule` [ RunTime:0.0006s ]
SQL: SELECT COUNT(*) AS tp_count FROM `wf_auth_rule` WHERE `name` = 'Manage/Index/getMenuData' LIMIT 1   [ RunTime:0.0003s ]
NOTIC: [8] Use of undefined constant return true - assumed 'return true' /home/chengyayu/www/workflow/Application/Manage/Controller/AdminController.class.php 第 21 行.
SQL: SHOW COLUMNS FROM `wf_auth_rule` [ RunTime:0.0005s ]
SQL: SELECT * FROM `wf_auth_rule` WHERE ( name = 'Manage/Index/getMenuData' ) LIMIT 1   [ RunTime:0.0003s ]
SQL: SHOW COLUMNS FROM `wf_auth_rule` [ RunTime:0.0005s ]
SQL: SHOW COLUMNS FROM `wf_auth_rule` [ RunTime:0.0005s ]
SQL: SELECT `id` FROM `wf_auth_rule` WHERE `status` = 1  [ RunTime:0.0002s ]
NOTIC: [2] Illegal string offset 'rules' /home/chengyayu/www/workflow/Application/Manage/Model/AdminModel.class.php 第 42 行.
SQL: SELECT * FROM `wf_auth_rule` WHERE `status` = 1 AND `hide` = 0  [ RunTime:0.0003s ]
SQL: SELECT * FROM `wf_auth_rule` WHERE ( name = 'Manage/Index/getMenuData' ) LIMIT 1   [ RunTime:0.0002s ]
NOTIC: [2] Invalid argument supplied for foreach() /home/chengyayu/www/workflow/Application/Manage/Controller/AdminController.class.php 第 48 行.
NOTIC: [8] Undefined variable: selectmenu /home/chengyayu/www/workflow/Application/Manage/Controller/AdminController.class.php 第 52 行.
SQL: SHOW COLUMNS FROM `wf_auth_rule` [ RunTime:0.0004s ]
SQL: SELECT name as dataurl,pid as pId,title as name,`id`,`level` FROM `wf_auth_rule` WHERE `status` = 1 AND `hide` = 0 AND `level` IN ('1','2')  [ RunTime:0.0003s ]

[ 2016-09-09T09:55:57+08:00 ] 127.0.0.1 /Manage/Role/index?_=1473386157333
INFO: [ app_init ] --START--
INFO: Run Behavior\BuildLiteBehavior [ RunTime:0.000012s ]
INFO: [ app_init ] --END-- [ RunTime:0.000082s ]
INFO: [ app_begin ] --START--
INFO: Run Behavior\ReadHtmlCacheBehavior [ RunTime:0.000037s ]
INFO: [ app_begin ] --END-- [ RunTime:0.000071s ]
SQL: SHOW COLUMNS FROM `wf_auth_rule` [ RunTime:0.0006s ]
SQL: SELECT COUNT(*) AS tp_count FROM `wf_auth_rule` WHERE `name` = 'Manage/Role/index' LIMIT 1   [ RunTime:0.0003s ]
NOTIC: [8] Use of undefined constant return true - assumed 'return true' /home/chengyayu/www/workflow/Application/Manage/Controller/AdminController.class.php 第 21 行.
SQL: SHOW COLUMNS FROM `wf_auth_rule` [ RunTime:0.0005s ]
SQL: SELECT * FROM `wf_auth_rule` WHERE ( name = 'Manage/Role/index' ) LIMIT 1   [ RunTime:0.0003s ]
SQL: SELECT * FROM `wf_auth_rule` WHERE ( id = 4 ) LIMIT 1   [ RunTime:0.0002s ]
SQL: SELECT * FROM `wf_auth_rule` WHERE ( id = 2 ) LIMIT 1   [ RunTime:0.0002s ]
NOTIC: [8] Undefined variable: crumbs_str /home/chengyayu/www/workflow/Application/Manage/Controller/AdminController.class.php 第 95 行.
SQL: SHOW COLUMNS FROM `wf_auth_rule` [ RunTime:0.0005s ]
SQL: SHOW COLUMNS FROM `wf_auth_rule` [ RunTime:0.0006s ]
SQL: SELECT `id` FROM `wf_auth_rule` WHERE `status` = 1  [ RunTime:0.0003s ]
NOTIC: [2] Illegal string offset 'rules' /home/chengyayu/www/workflow/Application/Manage/Model/AdminModel.class.php 第 42 行.
SQL: SELECT * FROM `wf_auth_rule` WHERE `status` = 1 AND `hide` = 0  [ RunTime:0.0004s ]
SQL: SELECT * FROM `wf_auth_rule` WHERE ( name = 'Manage/Role/index' ) LIMIT 1   [ RunTime:0.0004s ]
SQL: SELECT * FROM `wf_auth_rule` WHERE ( id = 4 ) LIMIT 1   [ RunTime:0.0003s ]
SQL: SELECT * FROM `wf_auth_rule` WHERE ( id = 2 ) LIMIT 1   [ RunTime:0.0002s ]
SQL: SHOW COLUMNS FROM `wf_auth_group` [ RunTime:0.0214s ]
NOTIC: [8] Use of undefined constant length - assumed 'length' /home/chengyayu/www/workflow/Application/Manage/Model/AuthGroupModel.class.php 第 24 行.
NOTIC: [8] Use of undefined constant length - assumed 'length' /home/chengyayu/www/workflow/Application/Manage/Model/AuthGroupModel.class.php 第 25 行.
NOTIC: [8] Undefined index: search /home/chengyayu/www/workflow/Application/Manage/Controller/RoleController.class.php 第 43 行.
SQL: SELECT COUNT(*) AS tp_count FROM `wf_auth_group` WHERE `status` = 1 LIMIT 1   [ RunTime:0.0005s ]
SQL: SELECT * FROM `wf_auth_group` WHERE `status` = 1 ORDER BY id DESC LIMIT 0,10   [ RunTime:0.0003s ]
INFO: [ view_parse ] --START--
INFO: [ template_filter ] --START--
INFO: Run Behavior\ContentReplaceBehavior [ RunTime:0.000042s ]
INFO: [ template_filter ] --END-- [ RunTime:0.000092s ]
NOTIC: [8] Use of undefined constant index - assumed 'index' /home/chengyayu/www/workflow/Application/Runtime/Cache/Manage/41ee9ed48be9a2d24219585b7bd64e65.php 第 3 行.
NOTIC: [8] Undefined variable: search /home/chengyayu/www/workflow/Application/Runtime/Cache/Manage/41ee9ed48be9a2d24219585b7bd64e65.php 第 8 行.
NOTIC: [8] Use of undefined constant add - assumed 'add' /home/chengyayu/www/workflow/Application/Runtime/Cache/Manage/41ee9ed48be9a2d24219585b7bd64e65.php 第 13 行.
INFO: Run Behavior\ParseTemplateBehavior [ RunTime:0.017304s ]
INFO: [ view_parse ] --END-- [ RunTime:0.017346s ]
INFO: [ view_filter ] --START--
INFO: Run Behavior\WriteHtmlCacheBehavior [ RunTime:0.000042s ]
INFO: [ view_filter ] --END-- [ RunTime:0.000066s ]
INFO: [ app_end ] --START--
INFO: Run Behavior\ShowPageTraceBehavior [ RunTime:0.000030s ]
INFO: [ app_end ] --END-- [ RunTime:0.000052s ]

[ 2016-09-09T09:55:58+08:00 ] 127.0.0.1 /Manage/Module/index?_=1473386158660
INFO: [ app_init ] --START--
INFO: Run Behavior\BuildLiteBehavior [ RunTime:0.000016s ]
INFO: [ app_init ] --END-- [ RunTime:0.000106s ]
INFO: [ app_begin ] --START--
INFO: Run Behavior\ReadHtmlCacheBehavior [ RunTime:0.000047s ]
INFO: [ app_begin ] --END-- [ RunTime:0.000094s ]
SQL: SHOW COLUMNS FROM `wf_auth_rule` [ RunTime:0.0009s ]
SQL: SELECT COUNT(*) AS tp_count FROM `wf_auth_rule` WHERE `name` = 'Manage/Module/index' LIMIT 1   [ RunTime:0.0004s ]
NOTIC: [8] Use of undefined constant return true - assumed 'return true' /home/chengyayu/www/workflow/Application/Manage/Controller/AdminController.class.php 第 21 行.
SQL: SHOW COLUMNS FROM `wf_auth_rule` [ RunTime:0.0010s ]
SQL: SELECT * FROM `wf_auth_rule` WHERE ( name = 'Manage/Module/index' ) LIMIT 1   [ RunTime:0.0005s ]
SQL: SELECT * FROM `wf_auth_rule` WHERE ( id = 3 ) LIMIT 1   [ RunTime:0.0005s ]
SQL: SELECT * FROM `wf_auth_rule` WHERE ( id = 2 ) LIMIT 1   [ RunTime:0.0004s ]
NOTIC: [8] Undefined variable: crumbs_str /home/chengyayu/www/workflow/Application/Manage/Controller/AdminController.class.php 第 95 行.
SQL: SHOW COLUMNS FROM `wf_auth_rule` [ RunTime:0.0009s ]
SQL: SHOW COLUMNS FROM `wf_auth_rule` [ RunTime:0.0008s ]
SQL: SELECT `id` FROM `wf_auth_rule` WHERE `status` = 1  [ RunTime:0.0003s ]
NOTIC: [2] Illegal string offset 'rules' /home/chengyayu/www/workflow/Application/Manage/Model/AdminModel.class.php 第 42 行.
SQL: SELECT * FROM `wf_auth_rule` WHERE `status` = 1 AND `hide` = 0  [ RunTime:0.0004s ]
SQL: SELECT * FROM `wf_auth_rule` WHERE ( name = 'Manage/Module/index' ) LIMIT 1   [ RunTime:0.0003s ]
SQL: SELECT * FROM `wf_auth_rule` WHERE ( id = 3 ) LIMIT 1   [ RunTime:0.0002s ]
SQL: SELECT * FROM `wf_auth_rule` WHERE ( id = 2 ) LIMIT 1   [ RunTime:0.0002s ]
SQL: SELECT * FROM `wf_auth_rule` WHERE `status` = 1 AND `id` <> 1 ORDER BY sort asc  [ RunTime:0.0201s ]
INFO: [ view_parse ] --START--
INFO: [ template_filter ] --START--
INFO: Run Behavior\ContentReplaceBehavior [ RunTime:0.000043s ]
INFO: [ template_filter ] --END-- [ RunTime:0.000093s ]
NOTIC: [8] Use of undefined constant lst - assumed 'lst' /home/chengyayu/www/workflow/Application/Runtime/Cache/Manage/ea2b7ff17a1a0fa929a8ba734373dd5a.php 第 14 行.
INFO: Run Behavior\ParseTemplateBehavior [ RunTime:0.011938s ]
INFO: [ view_parse ] --END-- [ RunTime:0.011981s ]
INFO: [ view_filter ] --START--
INFO: Run Behavior\WriteHtmlCacheBehavior [ RunTime:0.000035s ]
INFO: [ view_filter ] --END-- [ RunTime:0.000058s ]
INFO: [ app_end ] --START--
INFO: Run Behavior\ShowPageTraceBehavior [ RunTime:0.000027s ]
INFO: [ app_end ] --END-- [ RunTime:0.000050s ]

[ 2016-09-09T09:56:02+08:00 ] 127.0.0.1 /Manage/Module/index?_=1473386162620
INFO: [ app_init ] --START--
INFO: Run Behavior\BuildLiteBehavior [ RunTime:0.000011s ]
INFO: [ app_init ] --END-- [ RunTime:0.000079s ]
INFO: [ app_begin ] --START--
INFO: Run Behavior\ReadHtmlCacheBehavior [ RunTime:0.000056s ]
INFO: [ app_begin ] --END-- [ RunTime:0.000106s ]
SQL: SHOW COLUMNS FROM `wf_auth_rule` [ RunTime:0.0006s ]
SQL: SELECT COUNT(*) AS tp_count FROM `wf_auth_rule` WHERE `name` = 'Manage/Module/index' LIMIT 1   [ RunTime:0.0004s ]
NOTIC: [8] Use of undefined constant return true - assumed 'return true' /home/chengyayu/www/workflow/Application/Manage/Controller/AdminController.class.php 第 21 行.
SQL: SHOW COLUMNS FROM `wf_auth_rule` [ RunTime:0.0007s ]
SQL: SELECT * FROM `wf_auth_rule` WHERE ( name = 'Manage/Module/index' ) LIMIT 1   [ RunTime:0.0003s ]
SQL: SELECT * FROM `wf_auth_rule` WHERE ( id = 3 ) LIMIT 1   [ RunTime:0.0003s ]
SQL: SELECT * FROM `wf_auth_rule` WHERE ( id = 2 ) LIMIT 1   [ RunTime:0.0003s ]
NOTIC: [8] Undefined variable: crumbs_str /home/chengyayu/www/workflow/Application/Manage/Controller/AdminController.class.php 第 95 行.
SQL: SHOW COLUMNS FROM `wf_auth_rule` [ RunTime:0.0007s ]
SQL: SHOW COLUMNS FROM `wf_auth_rule` [ RunTime:0.0008s ]
SQL: SELECT `id` FROM `wf_auth_rule` WHERE `status` = 1  [ RunTime:0.0004s ]
NOTIC: [2] Illegal string offset 'rules' /home/chengyayu/www/workflow/Application/Manage/Model/AdminModel.class.php 第 42 行.
SQL: SELECT * FROM `wf_auth_rule` WHERE `status` = 1 AND `hide` = 0  [ RunTime:0.0004s ]
SQL: SELECT * FROM `wf_auth_rule` WHERE ( name = 'Manage/Module/index' ) LIMIT 1   [ RunTime:0.0003s ]
SQL: SELECT * FROM `wf_auth_rule` WHERE ( id = 3 ) LIMIT 1   [ RunTime:0.0002s ]
SQL: SELECT * FROM `wf_auth_rule` WHERE ( id = 2 ) LIMIT 1   [ RunTime:0.0003s ]
SQL: SELECT * FROM `wf_auth_rule` WHERE `status` = 1 AND `id` <> 1 ORDER BY sort asc  [ RunTime:0.0006s ]
INFO: [ view_parse ] --START--
INFO: [ template_filter ] --START--
INFO: Run Behavior\ContentReplaceBehavior [ RunTime:0.000045s ]
INFO: [ template_filter ] --END-- [ RunTime:0.000102s ]
NOTIC: [8] Use of undefined constant lst - assumed 'lst' /home/chengyayu/www/workflow/Application/Runtime/Cache/Manage/ea2b7ff17a1a0fa929a8ba734373dd5a.php 第 14 行.
INFO: Run Behavior\ParseTemplateBehavior [ RunTime:0.004027s ]
INFO: [ view_parse ] --END-- [ RunTime:0.004073s ]
INFO: [ view_filter ] --START--
INFO: Run Behavior\WriteHtmlCacheBehavior [ RunTime:0.000052s ]
INFO: [ view_filter ] --END-- [ RunTime:0.000080s ]
INFO: [ app_end ] --START--
INFO: Run Behavior\ShowPageTraceBehavior [ RunTime:0.000038s ]
INFO: [ app_end ] --END-- [ RunTime:0.000065s ]

